Using pre-set license
Built from '2020.3/release' branch; Version is '2020.3.2f1 (8fd9074bf66c) revision 9427207'; Using compiler version '192528614'; Build Type 'Release'
OS: 'Windows 10 Home; OS build 19042.1052; Version 2009; 64bit' Language: 'en' Physical Memory: 32690 MB
BatchMode: 1, IsHumanControllingUs: 0, StartBugReporterOnCrash: 0, Is64bit: 1, IsPro: 0

 COMMAND LINE ARGUMENTS:
C:\Program Files (x86)\Microsoft Visual Studio\2019\Community\Common7\IDE\2020.3.2f1\Editor\Unity.exe
-adb2
-batchMode
-noUpm
-name
AssetImportWorker0
-projectPath
C:/Repos/Tuto/ActionGame2D
-logFile
Logs/AssetImportWorker0.log
-srvPort
63500
Successfully changed project path to: C:/Repos/Tuto/ActionGame2D
C:/Repos/Tuto/ActionGame2D
Using Asset Import Pipeline V2.
Refreshing native plugins compatible for Editor in 28.28 ms, found 1 plugins.
Preloading 0 native plugins for Editor in 0.00 ms.
Initialize engine version: 2020.3.2f1 (8fd9074bf66c)
[Subsystems] Discovering subsystems at path C:/Program Files (x86)/Microsoft Visual Studio/2019/Community/Common7/IDE/2020.3.2f1/Editor/Data/Resources/UnitySubsystems
[Subsystems] Discovering subsystems at path C:/Repos/Tuto/ActionGame2D/Assets
GfxDevice: creating device client; threaded=0
Direct3D:
    Version:  Direct3D 11.0 [level 11.1]
    Renderer: NVIDIA GeForce RTX 3070 (ID=0x2484)
    Vendor:   
    VRAM:     8043 MB
    Driver:   27.21.14.6172
Initialize mono
Mono path[0] = 'C:/Program Files (x86)/Microsoft Visual Studio/2019/Community/Common7/IDE/2020.3.2f1/Editor/Data/Managed'
Mono path[1] = 'C:/Program Files (x86)/Microsoft Visual Studio/2019/Community/Common7/IDE/2020.3.2f1/Editor/Data/MonoBleedingEdge/lib/mono/unityjit'
Mono config path = 'C:/Program Files (x86)/Microsoft Visual Studio/2019/Community/Common7/IDE/2020.3.2f1/Editor/Data/MonoBleedingEdge/etc'
Using monoOptions --debugger-agent=transport=dt_socket,embedding=1,server=y,suspend=n,address=127.0.0.1:56600
Begin MonoManager ReloadAssembly
Registering precompiled unity dll's ...
Register platform support module: C:/Program Files (x86)/Microsoft Visual Studio/2019/Community/Common7/IDE/2020.3.2f1/Editor/Data/PlaybackEngines/WindowsStandaloneSupport/UnityEditor.WindowsStandalone.Extensions.dll
Registered in 0.001654 seconds.
Native extension for WindowsStandalone target not found
Refreshing native plugins compatible for Editor in 28.85 ms, found 1 plugins.
Preloading 0 native plugins for Editor in 0.00 ms.
Invoked RoslynAnalysisRunner static constructor.
RoslynAnalysisRunner will not be running.
RoslynAnalysisRunner has terminated.
Mono: successfully reloaded assembly
- Completed reload, in  0.921 seconds
Platform modules already initialized, skipping
Registering precompiled user dll's ...
Registered in 0.000843 seconds.
Begin MonoManager ReloadAssembly
Native extension for WindowsStandalone target not found
Refreshing native plugins compatible for Editor in 28.63 ms, found 1 plugins.
Preloading 0 native plugins for Editor in 0.00 ms.
Invoked RoslynAnalysisRunner static constructor.
RoslynAnalysisRunner will not be running.
RoslynAnalysisRunner has terminated.
Mono: successfully reloaded assembly
- Completed reload, in  0.762 seconds
Platform modules already initialized, skipping
========================================================================
Worker process is ready to serve import requests
Launched and connected shader compiler UnityShaderCompiler.exe after 0.03 seconds
Refreshing native plugins compatible for Editor in 0.32 ms, found 1 plugins.
Preloading 0 native plugins for Editor in 0.00 ms.
Unloading 1976 Unused Serialized files (Serialized files now loaded: 0)
System memory in use before: 109.7 MB.
System memory in use after: 109.7 MB.

Unloading 25 unused Assets to reduce memory usage. Loaded Objects now: 2440.
Total: 1.947700 ms (FindLiveObjects: 0.162800 ms CreateObjectMapping: 0.067300 ms MarkObjects: 1.607600 ms  DeleteObjects: 0.109300 ms)

========================================================================
Received Import Request.
  path: Assets/Game/Characters/Config/CharacterTyp/Enemies/Innvocation/FluffyMob.asset
  artifactKey: Guid(4c45f8a6db9ffcc4782d53b88f8d45b7) Importer(815301076,1909f56bfc062723c751e8b465ee728b)
Start importing Assets/Game/Characters/Config/CharacterTyp/Enemies/Innvocation/FluffyMob.asset using Guid(4c45f8a6db9ffcc4782d53b88f8d45b7) Importer(815301076,1909f56bfc062723c751e8b465ee728b)  -> (artifact id: 'cd266e849aa9fc2c34048644f3c61fff') in 0.020273 seconds
  Import took 0.022562 seconds .

========================================================================
Received Import Request.
  Time since last request: 0.000245 seconds.
  path: Assets/Game/Characters/Config/CharacterTyp/Enemies/Bug.asset
  artifactKey: Guid(0ddf54781391e1d4bb222742935bf8df) Importer(815301076,1909f56bfc062723c751e8b465ee728b)
Start importing Assets/Game/Characters/Config/CharacterTyp/Enemies/Bug.asset using Guid(0ddf54781391e1d4bb222742935bf8df) Importer(815301076,1909f56bfc062723c751e8b465ee728b)  -> (artifact id: 'e0623c15c555456ff7cc0b038a8b5e3b') in 0.001492 seconds
  Import took 0.003478 seconds .

========================================================================
Received Import Request.
  Time since last request: 0.000234 seconds.
  path: Assets/Game/Characters/Config/CharacterTyp/Enemies/Summoner.asset
  artifactKey: Guid(cdb95e97857c2af488aee250498552e4) Importer(815301076,1909f56bfc062723c751e8b465ee728b)
Start importing Assets/Game/Characters/Config/CharacterTyp/Enemies/Summoner.asset using Guid(cdb95e97857c2af488aee250498552e4) Importer(815301076,1909f56bfc062723c751e8b465ee728b)  -> (artifact id: '1e1abc3c4b539c992e13612e539a1e70') in 0.014394 seconds
  Import took 0.016740 seconds .

========================================================================
Received Import Request.
  Time since last request: 3.073949 seconds.
  path: Assets/Game/Characters/PreFab/Enemy01Bug.prefab
  artifactKey: Guid(89a228599c11e1a4287c01112268af99) Importer(815301076,1909f56bfc062723c751e8b465ee728b)
Start importing Assets/Game/Characters/PreFab/Enemy01Bug.prefab using Guid(89a228599c11e1a4287c01112268af99) Importer(815301076,1909f56bfc062723c751e8b465ee728b)  -> (artifact id: '0927f0798ce695a8eaebf61450c61d66') in 0.093122 seconds
  Import took 0.095986 seconds .

========================================================================
Received Import Request.
  Time since last request: 0.281757 seconds.
  path: Assets/Game/Characters/PreFab/Summoner_Mob.prefab
  artifactKey: Guid(f387e9839725b6a4bb2b2134a96c9781) Importer(815301076,1909f56bfc062723c751e8b465ee728b)
Start importing Assets/Game/Characters/PreFab/Summoner_Mob.prefab using Guid(f387e9839725b6a4bb2b2134a96c9781) Importer(815301076,1909f56bfc062723c751e8b465ee728b)  -> (artifact id: 'f526704ab8af2789378266f1bb3f8a1e') in 0.010810 seconds
  Import took 0.013494 seconds .

========================================================================
Received Import Request.
  Time since last request: 0.010471 seconds.
  path: Assets/Game/Characters/PreFab/Summoner_Mob.prefab
  artifactKey: Guid(f387e9839725b6a4bb2b2134a96c9781) Importer(815301076,1909f56bfc062723c751e8b465ee728b)
Start importing Assets/Game/Characters/PreFab/Summoner_Mob.prefab using Guid(f387e9839725b6a4bb2b2134a96c9781) Importer(815301076,1909f56bfc062723c751e8b465ee728b)  -> (artifact id: 'f526704ab8af2789378266f1bb3f8a1e') in 0.010238 seconds
  Import took 0.012896 seconds .

========================================================================
Received Import Request.
  Time since last request: 3.094755 seconds.
  path: Assets/Animations/AnimController/Anim_EnemeySUMMONER_OC.overrideController
  artifactKey: Guid(2e75a078ef066824f89fece0737665d0) Importer(815301076,1909f56bfc062723c751e8b465ee728b)
Start importing Assets/Animations/AnimController/Anim_EnemeySUMMONER_OC.overrideController using Guid(2e75a078ef066824f89fece0737665d0) Importer(815301076,1909f56bfc062723c751e8b465ee728b)  -> (artifact id: 'fae41400ba178660c7278c6e1dbf83c3') in 0.008033 seconds
  Import took 0.010861 seconds .

========================================================================
Received Import Request.
  Time since last request: 804.458786 seconds.
  path: Assets/Animations/Enemy/Bug
  artifactKey: Guid(071afbaf97acde04995ef7ffe476402c) Importer(815301076,1909f56bfc062723c751e8b465ee728b)
Start importing Assets/Animations/Enemy/Bug using Guid(071afbaf97acde04995ef7ffe476402c) Importer(815301076,1909f56bfc062723c751e8b465ee728b)  -> (artifact id: '27455160f2040197beebc3ce87a5d8ba') in 0.001629 seconds
  Import took 0.004708 seconds .

========================================================================
Received Prepare
Registering precompiled user dll's ...
Registered in 0.000726 seconds.
Begin MonoManager ReloadAssembly
Native extension for WindowsStandalone target not found
Refreshing native plugins compatible for Editor in 0.32 ms, found 1 plugins.
Preloading 0 native plugins for Editor in 0.00 ms.
Invoked RoslynAnalysisRunner static constructor.
RoslynAnalysisRunner will not be running.
RoslynAnalysisRunner has terminated.
Mono: successfully reloaded assembly
- Completed reload, in  0.689 seconds
Platform modules already initialized, skipping
Refreshing native plugins compatible for Editor in 0.33 ms, found 1 plugins.
Preloading 0 native plugins for Editor in 0.00 ms.
Unloading 1969 Unused Serialized files (Serialized files now loaded: 0)
System memory in use before: 112.7 MB.
System memory in use after: 112.7 MB.

Unloading 13 unused Assets to reduce memory usage. Loaded Objects now: 2451.
Total: 1.687000 ms (FindLiveObjects: 0.202900 ms CreateObjectMapping: 0.054300 ms MarkObjects: 1.293800 ms  DeleteObjects: 0.135000 ms)

========================================================================
Received Import Request.
  Time since last request: 1949.832511 seconds.
  path: Assets/Game/Env/Prefab/Flower/Flower01.prefab
  artifactKey: Guid(67f25a313f0a91348b2f0839ee984a25) Importer(815301076,1909f56bfc062723c751e8b465ee728b)
Start importing Assets/Game/Env/Prefab/Flower/Flower01.prefab using Guid(67f25a313f0a91348b2f0839ee984a25) Importer(815301076,1909f56bfc062723c751e8b465ee728b)  -> (artifact id: '46de145ec7e83e1601f990fecc48807c') in 0.059972 seconds
  Import took 0.063800 seconds .

========================================================================
Received Import Request.
  Time since last request: 18.779932 seconds.
  path: Assets/Scripts/Combat/Fighter.cs
  artifactKey: Guid(997b3da902d64634b85bf401023487c5) Importer(815301076,1909f56bfc062723c751e8b465ee728b)
Start importing Assets/Scripts/Combat/Fighter.cs using Guid(997b3da902d64634b85bf401023487c5) Importer(815301076,1909f56bfc062723c751e8b465ee728b)  -> (artifact id: '4ac0eb3afc1bcfd8d3b16f066010c6a8') in 0.004456 seconds
  Import took 0.007079 seconds .

========================================================================
Received Import Request.
  Time since last request: 0.001895 seconds.
  path: Assets/Scripts/Combat/Fighter.cs
  artifactKey: Guid(997b3da902d64634b85bf401023487c5) Importer(815301076,1909f56bfc062723c751e8b465ee728b)
Start importing Assets/Scripts/Combat/Fighter.cs using Guid(997b3da902d64634b85bf401023487c5) Importer(815301076,1909f56bfc062723c751e8b465ee728b)  -> (artifact id: '4ac0eb3afc1bcfd8d3b16f066010c6a8') in 0.001342 seconds
  Import took 0.003682 seconds .

========================================================================
Received Import Request.
  Time since last request: 3.162065 seconds.
  path: Assets/Scripts/Combat/DistanceWeapon.cs
  artifactKey: Guid(5d362d8bb6238724a9ed380516fc2b14) Importer(815301076,1909f56bfc062723c751e8b465ee728b)
Start importing Assets/Scripts/Combat/DistanceWeapon.cs using Guid(5d362d8bb6238724a9ed380516fc2b14) Importer(815301076,1909f56bfc062723c751e8b465ee728b)  -> (artifact id: 'e7ef8b31c878d272c1b2414dc039afc3') in 0.001369 seconds
  Import took 0.003905 seconds .

========================================================================
Received Import Request.
  Time since last request: 0.002569 seconds.
  path: Assets/Scripts/Combat/DistanceWeapon.cs
  artifactKey: Guid(5d362d8bb6238724a9ed380516fc2b14) Importer(815301076,1909f56bfc062723c751e8b465ee728b)
Start importing Assets/Scripts/Combat/DistanceWeapon.cs using Guid(5d362d8bb6238724a9ed380516fc2b14) Importer(815301076,1909f56bfc062723c751e8b465ee728b)  -> (artifact id: 'e7ef8b31c878d272c1b2414dc039afc3') in 0.001222 seconds
  Import took 0.003440 seconds .

========================================================================
Received Import Request.
  Time since last request: 7.025976 seconds.
  path: Assets/Scripts/Control/AIController.cs
  artifactKey: Guid(4c5e19be3f04a874cb3215643962caab) Importer(815301076,1909f56bfc062723c751e8b465ee728b)
Start importing Assets/Scripts/Control/AIController.cs using Guid(4c5e19be3f04a874cb3215643962caab) Importer(815301076,1909f56bfc062723c751e8b465ee728b)  -> (artifact id: 'b5d0c64d44a591eaa5b4a7b79e18d65f') in 0.001561 seconds
  Import took 0.004361 seconds .

========================================================================
Received Import Request.
  Time since last request: 0.000708 seconds.
  path: Assets/Scripts/Control/AIController.cs
  artifactKey: Guid(4c5e19be3f04a874cb3215643962caab) Importer(815301076,1909f56bfc062723c751e8b465ee728b)
Start importing Assets/Scripts/Control/AIController.cs using Guid(4c5e19be3f04a874cb3215643962caab) Importer(815301076,1909f56bfc062723c751e8b465ee728b)  -> (artifact id: 'b5d0c64d44a591eaa5b4a7b79e18d65f') in 0.001190 seconds
  Import took 0.003485 seconds .

========================================================================
Received Import Request.
  Time since last request: 7.883230 seconds.
  path: Assets/Scripts/Control/CharacterIdentifier.cs
  artifactKey: Guid(e08f06743d83df74cbdd79bc32a3d349) Importer(815301076,1909f56bfc062723c751e8b465ee728b)
Start importing Assets/Scripts/Control/CharacterIdentifier.cs using Guid(e08f06743d83df74cbdd79bc32a3d349) Importer(815301076,1909f56bfc062723c751e8b465ee728b)  -> (artifact id: '53eb5272fa6d61d9ce67733ad6aec7e9') in 0.001458 seconds
  Import took 0.003941 seconds .

========================================================================
Received Import Request.
  Time since last request: 0.000763 seconds.
  path: Assets/Scripts/Control/CharacterIdentifier.cs
  artifactKey: Guid(e08f06743d83df74cbdd79bc32a3d349) Importer(815301076,1909f56bfc062723c751e8b465ee728b)
Start importing Assets/Scripts/Control/CharacterIdentifier.cs using Guid(e08f06743d83df74cbdd79bc32a3d349) Importer(815301076,1909f56bfc062723c751e8b465ee728b)  -> (artifact id: '53eb5272fa6d61d9ce67733ad6aec7e9') in 0.001244 seconds
  Import took 0.003684 seconds .

========================================================================
Received Prepare
Registering precompiled user dll's ...
Registered in 0.000712 seconds.
Begin MonoManager ReloadAssembly
Native extension for WindowsStandalone target not found
Refreshing native plugins compatible for Editor in 0.34 ms, found 1 plugins.
Preloading 0 native plugins for Editor in 0.00 ms.
Invoked RoslynAnalysisRunner static constructor.
RoslynAnalysisRunner will not be running.
RoslynAnalysisRunner has terminated.
Mono: successfully reloaded assembly
- Completed reload, in  0.693 seconds
Platform modules already initialized, skipping
Refreshing native plugins compatible for Editor in 0.33 ms, found 1 plugins.
Preloading 0 native plugins for Editor in 0.00 ms.
Unloading 1969 Unused Serialized files (Serialized files now loaded: 0)
System memory in use before: 112.8 MB.
System memory in use after: 112.7 MB.

Unloading 13 unused Assets to reduce memory usage. Loaded Objects now: 2456.
Total: 1.833300 ms (FindLiveObjects: 0.171500 ms CreateObjectMapping: 0.065300 ms MarkObjects: 1.498300 ms  DeleteObjects: 0.097400 ms)

========================================================================
Received Prepare
Registering precompiled user dll's ...
Registered in 0.000781 seconds.
Begin MonoManager ReloadAssembly
Native extension for WindowsStandalone target not found
Refreshing native plugins compatible for Editor in 0.36 ms, found 1 plugins.
Preloading 0 native plugins for Editor in 0.00 ms.
Invoked RoslynAnalysisRunner static constructor.
RoslynAnalysisRunner will not be running.
RoslynAnalysisRunner has terminated.
Mono: successfully reloaded assembly
- Completed reload, in  0.689 seconds
Platform modules already initialized, skipping
Refreshing native plugins compatible for Editor in 0.33 ms, found 1 plugins.
Preloading 0 native plugins for Editor in 0.00 ms.
Unloading 1969 Unused Serialized files (Serialized files now loaded: 0)
System memory in use before: 112.8 MB.
System memory in use after: 112.8 MB.

Unloading 13 unused Assets to reduce memory usage. Loaded Objects now: 2460.
Total: 1.691200 ms (FindLiveObjects: 0.180800 ms CreateObjectMapping: 0.068900 ms MarkObjects: 1.344300 ms  DeleteObjects: 0.096300 ms)

========================================================================
Received Import Request.
  Time since last request: 1902.344140 seconds.
  path: Assets/Game/Env/Prefab
  artifactKey: Guid(df049bbf168071c49b7e9ff00005644f) Importer(815301076,1909f56bfc062723c751e8b465ee728b)
Start importing Assets/Game/Env/Prefab using Guid(df049bbf168071c49b7e9ff00005644f) Importer(815301076,1909f56bfc062723c751e8b465ee728b)  -> (artifact id: 'f5489913ecfe77b6a260b285bf6c5c11') in 0.003787 seconds
  Import took 0.006688 seconds .

========================================================================
Received Import Request.
  Time since last request: 6.766176 seconds.
  path: Assets/Game/Env/Prefab/Flower/Mushroom02.prefab
  artifactKey: Guid(3ddf9e19a76caa849bcb7a5abd8141ef) Importer(815301076,1909f56bfc062723c751e8b465ee728b)
Start importing Assets/Game/Env/Prefab/Flower/Mushroom02.prefab using Guid(3ddf9e19a76caa849bcb7a5abd8141ef) Importer(815301076,1909f56bfc062723c751e8b465ee728b)  -> (artifact id: '8389078737448e97006ee492ed0e30d9') in 0.054842 seconds
  Import took 0.058093 seconds .

========================================================================
Received Import Request.
  Time since last request: 43.119320 seconds.
  path: Assets/Game/Env/Prefab/Flower/Flower03.prefab
  artifactKey: Guid(f6766ef432457354c9e0a5f10c9c163b) Importer(815301076,1909f56bfc062723c751e8b465ee728b)
Start importing Assets/Game/Env/Prefab/Flower/Flower03.prefab using Guid(f6766ef432457354c9e0a5f10c9c163b) Importer(815301076,1909f56bfc062723c751e8b465ee728b)  -> (artifact id: '344eb0243d7a266b1413e5b5c4177ff0') in 0.017035 seconds
  Import took 0.020527 seconds .

========================================================================
Received Import Request.
  Time since last request: 0.000903 seconds.
  path: Assets/Game/Env/Prefab/Flower/Flower03.prefab
  artifactKey: Guid(f6766ef432457354c9e0a5f10c9c163b) Importer(815301076,1909f56bfc062723c751e8b465ee728b)
Start importing Assets/Game/Env/Prefab/Flower/Flower03.prefab using Guid(f6766ef432457354c9e0a5f10c9c163b) Importer(815301076,1909f56bfc062723c751e8b465ee728b)  -> (artifact id: '344eb0243d7a266b1413e5b5c4177ff0') in 0.015324 seconds
  Import took 0.018658 seconds .

========================================================================
Received Prepare
Registering precompiled user dll's ...
Registered in 0.000821 seconds.
Begin MonoManager ReloadAssembly
Native extension for WindowsStandalone target not found
Refreshing native plugins compatible for Editor in 0.33 ms, found 1 plugins.
Preloading 0 native plugins for Editor in 0.00 ms.
Invoked RoslynAnalysisRunner static constructor.
RoslynAnalysisRunner will not be running.
RoslynAnalysisRunner has terminated.
Mono: successfully reloaded assembly
- Completed reload, in  0.699 seconds
Platform modules already initialized, skipping
Refreshing native plugins compatible for Editor in 0.34 ms, found 1 plugins.
Preloading 0 native plugins for Editor in 0.00 ms.
Unloading 1969 Unused Serialized files (Serialized files now loaded: 0)
System memory in use before: 112.8 MB.
System memory in use after: 112.8 MB.

Unloading 13 unused Assets to reduce memory usage. Loaded Objects now: 2465.
Total: 1.607600 ms (FindLiveObjects: 0.169300 ms CreateObjectMapping: 0.061700 ms MarkObjects: 1.284700 ms  DeleteObjects: 0.091200 ms)

========================================================================
Received Prepare
Registering precompiled user dll's ...
Registered in 0.000755 seconds.
Begin MonoManager ReloadAssembly
Native extension for WindowsStandalone target not found
Refreshing native plugins compatible for Editor in 0.35 ms, found 1 plugins.
Preloading 0 native plugins for Editor in 0.00 ms.
Invoked RoslynAnalysisRunner static constructor.
RoslynAnalysisRunner will not be running.
RoslynAnalysisRunner has terminated.
Mono: successfully reloaded assembly
- Completed reload, in  0.690 seconds
Platform modules already initialized, skipping
Refreshing native plugins compatible for Editor in 0.33 ms, found 1 plugins.
Preloading 0 native plugins for Editor in 0.00 ms.
Unloading 1969 Unused Serialized files (Serialized files now loaded: 0)
System memory in use before: 112.8 MB.
System memory in use after: 112.8 MB.

Unloading 13 unused Assets to reduce memory usage. Loaded Objects now: 2469.
Total: 1.923200 ms (FindLiveObjects: 0.178100 ms CreateObjectMapping: 0.068600 ms MarkObjects: 1.578700 ms  DeleteObjects: 0.097000 ms)

========================================================================
Received Prepare
Registering precompiled user dll's ...
Registered in 0.000924 seconds.
Begin MonoManager ReloadAssembly
Native extension for WindowsStandalone target not found
Refreshing native plugins compatible for Editor in 0.38 ms, found 1 plugins.
Preloading 0 native plugins for Editor in 0.00 ms.
Invoked RoslynAnalysisRunner static constructor.
RoslynAnalysisRunner will not be running.
RoslynAnalysisRunner has terminated.
Mono: successfully reloaded assembly
- Completed reload, in  0.741 seconds
Platform modules already initialized, skipping
Refreshing native plugins compatible for Editor in 0.43 ms, found 1 plugins.
Preloading 0 native plugins for Editor in 0.00 ms.
Unloading 1969 Unused Serialized files (Serialized files now loaded: 0)
System memory in use before: 112.8 MB.
System memory in use after: 112.8 MB.

Unloading 13 unused Assets to reduce memory usage. Loaded Objects now: 2473.
Total: 1.893900 ms (FindLiveObjects: 0.197900 ms CreateObjectMapping: 0.066900 ms MarkObjects: 1.517400 ms  DeleteObjects: 0.110700 ms)

========================================================================
Received Prepare
Registering precompiled user dll's ...
Registered in 0.000904 seconds.
Begin MonoManager ReloadAssembly
Native extension for WindowsStandalone target not found
Refreshing native plugins compatible for Editor in 0.35 ms, found 1 plugins.
Preloading 0 native plugins for Editor in 0.00 ms.
Invoked RoslynAnalysisRunner static constructor.
RoslynAnalysisRunner will not be running.
RoslynAnalysisRunner has terminated.
Mono: successfully reloaded assembly
- Completed reload, in  0.669 seconds
Platform modules already initialized, skipping
Refreshing native plugins compatible for Editor in 0.33 ms, found 1 plugins.
Preloading 0 native plugins for Editor in 0.00 ms.
Unloading 1969 Unused Serialized files (Serialized files now loaded: 0)
System memory in use before: 112.8 MB.
System memory in use after: 112.8 MB.

Unloading 13 unused Assets to reduce memory usage. Loaded Objects now: 2477.
Total: 2.157500 ms (FindLiveObjects: 0.323100 ms CreateObjectMapping: 0.144600 ms MarkObjects: 1.582200 ms  DeleteObjects: 0.106600 ms)

========================================================================
Received Import Request.
  Time since last request: 985.503292 seconds.
  path: Assets/Game/Combat/Config/Weapons/Resources/Staff.asset
  artifactKey: Guid(c406ba5b8f67cb0489de3d7865124112) Importer(815301076,1909f56bfc062723c751e8b465ee728b)
Start importing Assets/Game/Combat/Config/Weapons/Resources/Staff.asset using Guid(c406ba5b8f67cb0489de3d7865124112) Importer(815301076,1909f56bfc062723c751e8b465ee728b)  -> (artifact id: 'b29e56582ea3f7357511d759f857d9c5') in 0.015938 seconds
  Import took 0.018908 seconds .

========================================================================
Received Prepare
Registering precompiled user dll's ...
Registered in 0.000776 seconds.
Begin MonoManager ReloadAssembly
Native extension for WindowsStandalone target not found
Refreshing native plugins compatible for Editor in 0.34 ms, found 1 plugins.
Preloading 0 native plugins for Editor in 0.00 ms.
Invoked RoslynAnalysisRunner static constructor.
RoslynAnalysisRunner will not be running.
RoslynAnalysisRunner has terminated.
Mono: successfully reloaded assembly
- Completed reload, in  0.683 seconds
Platform modules already initialized, skipping
Refreshing native plugins compatible for Editor in 0.33 ms, found 1 plugins.
Preloading 0 native plugins for Editor in 0.00 ms.
Unloading 1969 Unused Serialized files (Serialized files now loaded: 0)
System memory in use before: 112.9 MB.
System memory in use after: 112.8 MB.

Unloading 13 unused Assets to reduce memory usage. Loaded Objects now: 2481.
Total: 1.815600 ms (FindLiveObjects: 0.218700 ms CreateObjectMapping: 0.079300 ms MarkObjects: 1.414900 ms  DeleteObjects: 0.101900 ms)

========================================================================
Received Prepare
Registering precompiled user dll's ...
Registered in 0.000839 seconds.
Begin MonoManager ReloadAssembly
Native extension for WindowsStandalone target not found
Refreshing native plugins compatible for Editor in 0.33 ms, found 1 plugins.
Preloading 0 native plugins for Editor in 0.00 ms.
Invoked RoslynAnalysisRunner static constructor.
RoslynAnalysisRunner will not be running.
RoslynAnalysisRunner has terminated.
Mono: successfully reloaded assembly
- Completed reload, in  0.738 seconds
Platform modules already initialized, skipping
Refreshing native plugins compatible for Editor in 0.36 ms, found 1 plugins.
Preloading 0 native plugins for Editor in 0.00 ms.
Unloading 1969 Unused Serialized files (Serialized files now loaded: 0)
System memory in use before: 112.9 MB.
System memory in use after: 112.8 MB.

Unloading 13 unused Assets to reduce memory usage. Loaded Objects now: 2485.
Total: 1.857000 ms (FindLiveObjects: 0.210000 ms CreateObjectMapping: 0.075200 ms MarkObjects: 1.468700 ms  DeleteObjects: 0.102100 ms)

========================================================================
Received Prepare
Registering precompiled user dll's ...
Registered in 0.000783 seconds.
Begin MonoManager ReloadAssembly
Native extension for WindowsStandalone target not found
Refreshing native plugins compatible for Editor in 0.34 ms, found 1 plugins.
Preloading 0 native plugins for Editor in 0.00 ms.
Invoked RoslynAnalysisRunner static constructor.
RoslynAnalysisRunner will not be running.
RoslynAnalysisRunner has terminated.
Mono: successfully reloaded assembly
- Completed reload, in  0.691 seconds
Platform modules already initialized, skipping
Refreshing native plugins compatible for Editor in 0.34 ms, found 1 plugins.
Preloading 0 native plugins for Editor in 0.00 ms.
Unloading 1969 Unused Serialized files (Serialized files now loaded: 0)
System memory in use before: 112.9 MB.
System memory in use after: 112.9 MB.

Unloading 13 unused Assets to reduce memory usage. Loaded Objects now: 2489.
Total: 1.890100 ms (FindLiveObjects: 0.179800 ms CreateObjectMapping: 0.064500 ms MarkObjects: 1.537700 ms  DeleteObjects: 0.107300 ms)

========================================================================
Received Prepare
Registering precompiled user dll's ...
Registered in 0.000792 seconds.
Begin MonoManager ReloadAssembly
Native extension for WindowsStandalone target not found
Refreshing native plugins compatible for Editor in 0.36 ms, found 1 plugins.
Preloading 0 native plugins for Editor in 0.00 ms.
Invoked RoslynAnalysisRunner static constructor.
RoslynAnalysisRunner will not be running.
RoslynAnalysisRunner has terminated.
Mono: successfully reloaded assembly
- Completed reload, in  0.710 seconds
Platform modules already initialized, skipping
Refreshing native plugins compatible for Editor in 0.33 ms, found 1 plugins.
Preloading 0 native plugins for Editor in 0.00 ms.
Unloading 1969 Unused Serialized files (Serialized files now loaded: 0)
System memory in use before: 113.0 MB.
System memory in use after: 113.0 MB.

Unloading 13 unused Assets to reduce memory usage. Loaded Objects now: 2493.
Total: 2.034600 ms (FindLiveObjects: 0.220500 ms CreateObjectMapping: 0.084400 ms MarkObjects: 1.604100 ms  DeleteObjects: 0.124600 ms)

========================================================================
Received Prepare
Registering precompiled user dll's ...
Registered in 0.000839 seconds.
Begin MonoManager ReloadAssembly
Native extension for WindowsStandalone target not found
Refreshing native plugins compatible for Editor in 0.40 ms, found 1 plugins.
Preloading 0 native plugins for Editor in 0.00 ms.
Invoked RoslynAnalysisRunner static constructor.
RoslynAnalysisRunner will not be running.
RoslynAnalysisRunner has terminated.
Mono: successfully reloaded assembly
- Completed reload, in  0.737 seconds
Platform modules already initialized, skipping
Refreshing native plugins compatible for Editor in 0.33 ms, found 1 plugins.
Preloading 0 native plugins for Editor in 0.00 ms.
Unloading 1969 Unused Serialized files (Serialized files now loaded: 0)
System memory in use before: 113.0 MB.
System memory in use after: 113.0 MB.

Unloading 13 unused Assets to reduce memory usage. Loaded Objects now: 2497.
Total: 1.797900 ms (FindLiveObjects: 0.177400 ms CreateObjectMapping: 0.062300 ms MarkObjects: 1.445800 ms  DeleteObjects: 0.111600 ms)

========================================================================
Received Prepare
Registering precompiled user dll's ...
Registered in 0.000815 seconds.
Begin MonoManager ReloadAssembly
Native extension for WindowsStandalone target not found
Refreshing native plugins compatible for Editor in 0.33 ms, found 1 plugins.
Preloading 0 native plugins for Editor in 0.00 ms.
Invoked RoslynAnalysisRunner static constructor.
RoslynAnalysisRunner will not be running.
RoslynAnalysisRunner has terminated.
Mono: successfully reloaded assembly
- Completed reload, in  0.691 seconds
Platform modules already initialized, skipping
Refreshing native plugins compatible for Editor in 0.33 ms, found 1 plugins.
Preloading 0 native plugins for Editor in 0.00 ms.
Unloading 1969 Unused Serialized files (Serialized files now loaded: 0)
System memory in use before: 113.0 MB.
System memory in use after: 113.0 MB.

Unloading 13 unused Assets to reduce memory usage. Loaded Objects now: 2501.
Total: 1.876000 ms (FindLiveObjects: 0.167400 ms CreateObjectMapping: 0.066400 ms MarkObjects: 1.548300 ms  DeleteObjects: 0.093200 ms)

========================================================================
Received Prepare
Registering precompiled user dll's ...
Registered in 0.000849 seconds.
Begin MonoManager ReloadAssembly
Native extension for WindowsStandalone target not found
Refreshing native plugins compatible for Editor in 0.34 ms, found 1 plugins.
Preloading 0 native plugins for Editor in 0.00 ms.
Invoked RoslynAnalysisRunner static constructor.
RoslynAnalysisRunner will not be running.
RoslynAnalysisRunner has terminated.
Mono: successfully reloaded assembly
- Completed reload, in  0.688 seconds
Platform modules already initialized, skipping
Refreshing native plugins compatible for Editor in 0.33 ms, found 1 plugins.
Preloading 0 native plugins for Editor in 0.00 ms.
Unloading 1969 Unused Serialized files (Serialized files now loaded: 0)
System memory in use before: 113.0 MB.
System memory in use after: 113.0 MB.

Unloading 13 unused Assets to reduce memory usage. Loaded Objects now: 2505.
Total: 1.693300 ms (FindLiveObjects: 0.184800 ms CreateObjectMapping: 0.085600 ms MarkObjects: 1.326800 ms  DeleteObjects: 0.095200 ms)

========================================================================
Received Import Request.
  Time since last request: 1737.426265 seconds.
  path: Assets/Sprite/Env/Decor/Decor_Natur.png
  artifactKey: Guid(8fdffec4fab707b4aa1782bdd0a01ed2) Importer(815301076,1909f56bfc062723c751e8b465ee728b)
Start importing Assets/Sprite/Env/Decor/Decor_Natur.png using Guid(8fdffec4fab707b4aa1782bdd0a01ed2) Importer(815301076,1909f56bfc062723c751e8b465ee728b)  -> (artifact id: '455aee055e9c3647f7db583ce743ca53') in 0.200291 seconds
  Import took 0.204224 seconds .

========================================================================
Received Import Request.
  Time since last request: 0.000210 seconds.
  path: Assets/Sprite/Env/Decor/Decor_Natur.png
  artifactKey: Guid(8fdffec4fab707b4aa1782bdd0a01ed2) Importer(815301076,1909f56bfc062723c751e8b465ee728b)
Start importing Assets/Sprite/Env/Decor/Decor_Natur.png using Guid(8fdffec4fab707b4aa1782bdd0a01ed2) Importer(815301076,1909f56bfc062723c751e8b465ee728b)  -> (artifact id: '455aee055e9c3647f7db583ce743ca53') in 0.132099 seconds
  Import took 0.135555 seconds .

========================================================================
Received Import Request.
  Time since last request: 0.830444 seconds.
  path: Assets/Sprite/Env/Decor/Decor_Sand.png
  artifactKey: Guid(9e8ccef59dc64324fbe75f0b829f28b5) Importer(815301076,1909f56bfc062723c751e8b465ee728b)
Start importing Assets/Sprite/Env/Decor/Decor_Sand.png using Guid(9e8ccef59dc64324fbe75f0b829f28b5) Importer(815301076,1909f56bfc062723c751e8b465ee728b)  -> (artifact id: 'c375559a8ca0f8e6bec3f0781cfe8e60') in 0.025829 seconds
  Import took 0.029034 seconds .

========================================================================
Received Import Request.
  Time since last request: 0.257090 seconds.
  path: Assets/Sprite/Enemy/Enemy01.png
  artifactKey: Guid(d887084ff69414d4ab57e49ae2c6206e) Importer(815301076,1909f56bfc062723c751e8b465ee728b)
Start importing Assets/Sprite/Enemy/Enemy01.png using Guid(d887084ff69414d4ab57e49ae2c6206e) Importer(815301076,1909f56bfc062723c751e8b465ee728b)  -> (artifact id: '01f02e82d77724d85c7026a67699b9c6') in 0.039800 seconds
  Import took 0.042776 seconds .

========================================================================
Received Import Request.
  Time since last request: 0.225989 seconds.
  path: Assets/Sprite/Enemy/Enemy02.png
  artifactKey: Guid(adeb423319838dd43b926942ae4bfa91) Importer(815301076,1909f56bfc062723c751e8b465ee728b)
Start importing Assets/Sprite/Enemy/Enemy02.png using Guid(adeb423319838dd43b926942ae4bfa91) Importer(815301076,1909f56bfc062723c751e8b465ee728b)  -> (artifact id: 'ec7af5db47cdc5701b734f77d62b40cb') in 0.049344 seconds
  Import took 0.052003 seconds .

========================================================================
Received Import Request.
  Time since last request: 0.210562 seconds.
  path: Assets/Sprite/Enemy/Enemy02Mob.png
  artifactKey: Guid(673f627b849ca84499c7fef6cd2d114d) Importer(815301076,1909f56bfc062723c751e8b465ee728b)
Start importing Assets/Sprite/Enemy/Enemy02Mob.png using Guid(673f627b849ca84499c7fef6cd2d114d) Importer(815301076,1909f56bfc062723c751e8b465ee728b)  -> (artifact id: '076592ca28d4e0af766ed5f5fb14a796') in 0.016629 seconds
  Import took 0.019262 seconds .

========================================================================
Received Import Request.
  Time since last request: 0.000144 seconds.
  path: Assets/Sprite/HeadEyesClose.png
  artifactKey: Guid(93a70cc0d3589b94ba0c47a37964c675) Importer(815301076,1909f56bfc062723c751e8b465ee728b)
Start importing Assets/Sprite/HeadEyesClose.png using Guid(93a70cc0d3589b94ba0c47a37964c675) Importer(815301076,1909f56bfc062723c751e8b465ee728b)  -> (artifact id: 'b372a674808517a3329cf69b46ae59e2') in 0.012207 seconds
  Import took 0.014592 seconds .

========================================================================
Received Import Request.
  Time since last request: 0.001305 seconds.
  path: Assets/Sprite/HeadEyesClose.png
  artifactKey: Guid(93a70cc0d3589b94ba0c47a37964c675) Importer(815301076,1909f56bfc062723c751e8b465ee728b)
Start importing Assets/Sprite/HeadEyesClose.png using Guid(93a70cc0d3589b94ba0c47a37964c675) Importer(815301076,1909f56bfc062723c751e8b465ee728b)  -> (artifact id: 'b372a674808517a3329cf69b46ae59e2') in 0.011169 seconds
  Import took 0.013687 seconds .

========================================================================
Received Import Request.
  Time since last request: 0.014197 seconds.
  path: Assets/Sprite/Env/Map/Map02.png
  artifactKey: Guid(37cd0ab129db4ce44bc13e55c4e5b7fe) Importer(815301076,1909f56bfc062723c751e8b465ee728b)
Start importing Assets/Sprite/Env/Map/Map02.png using Guid(37cd0ab129db4ce44bc13e55c4e5b7fe) Importer(815301076,1909f56bfc062723c751e8b465ee728b)  -> (artifact id: '17260b9e38e8b2be82220b05f7cf89f6') in 0.031392 seconds
  Import took 0.034018 seconds .

========================================================================
Received Import Request.
  Time since last request: 0.000176 seconds.
  path: Assets/Sprite/Player/Player.png
  artifactKey: Guid(cf8ae335a19b34849b4e7d7a0ffcf31e) Importer(815301076,1909f56bfc062723c751e8b465ee728b)
Start importing Assets/Sprite/Player/Player.png using Guid(cf8ae335a19b34849b4e7d7a0ffcf31e) Importer(815301076,1909f56bfc062723c751e8b465ee728b)  -> (artifact id: 'c99d3ffd71aa11468f9b5c704bac410b') in 0.044244 seconds
  Import took 0.046511 seconds .

========================================================================
Received Import Request.
  Time since last request: 0.128739 seconds.
  path: Assets/Sprite/Combat/Projectile.png
  artifactKey: Guid(964d5d6e94d5b464fb0553b89f2a0cd8) Importer(815301076,1909f56bfc062723c751e8b465ee728b)
Start importing Assets/Sprite/Combat/Projectile.png using Guid(964d5d6e94d5b464fb0553b89f2a0cd8) Importer(815301076,1909f56bfc062723c751e8b465ee728b)  -> (artifact id: '4abfee5d9f204259bab3921272e37ebd') in 0.008293 seconds
  Import took 0.011047 seconds .

========================================================================
Received Import Request.
  Time since last request: 0.000215 seconds.
  path: Assets/Sprite/Combat/ProjectileOfSummoner.png
  artifactKey: Guid(d4eff94277e7f824f8ab46370bf40512) Importer(815301076,1909f56bfc062723c751e8b465ee728b)
Start importing Assets/Sprite/Combat/ProjectileOfSummoner.png using Guid(d4eff94277e7f824f8ab46370bf40512) Importer(815301076,1909f56bfc062723c751e8b465ee728b)  -> (artifact id: '5ad6bea5073fbf505c7f683d2450a267') in 0.009499 seconds
  Import took 0.012005 seconds .

========================================================================
Received Import Request.
  Time since last request: 0.000153 seconds.
  path: Assets/Sprite/Combat/Projectile.png
  artifactKey: Guid(964d5d6e94d5b464fb0553b89f2a0cd8) Importer(815301076,1909f56bfc062723c751e8b465ee728b)
Start importing Assets/Sprite/Combat/Projectile.png using Guid(964d5d6e94d5b464fb0553b89f2a0cd8) Importer(815301076,1909f56bfc062723c751e8b465ee728b)  -> (artifact id: '4abfee5d9f204259bab3921272e37ebd') in 0.010633 seconds
  Import took 0.013171 seconds .

========================================================================
Received Import Request.
  Time since last request: 0.203684 seconds.
  path: Assets/Sprite/SHadow.png
  artifactKey: Guid(68b124a42e8cb364fad16efa5239f59c) Importer(815301076,1909f56bfc062723c751e8b465ee728b)
Start importing Assets/Sprite/SHadow.png using Guid(68b124a42e8cb364fad16efa5239f59c) Importer(815301076,1909f56bfc062723c751e8b465ee728b)  -> (artifact id: 'a02daa6d9a0605affe16733564166ff7') in 0.010356 seconds
  Import took 0.013117 seconds .

========================================================================
Received Import Request.
  Time since last request: 0.000269 seconds.
  path: Assets/Sprite/Combat/StaffEffect.png
  artifactKey: Guid(110bc4abdc43f3c4ab9d60d4a9b12c18) Importer(815301076,1909f56bfc062723c751e8b465ee728b)
Start importing Assets/Sprite/Combat/StaffEffect.png using Guid(110bc4abdc43f3c4ab9d60d4a9b12c18) Importer(815301076,1909f56bfc062723c751e8b465ee728b)  -> (artifact id: '288f13865abd7b2314ab790d6b3bb5e0') in 0.011310 seconds
  Import took 0.013773 seconds .

========================================================================
Received Import Request.
  Time since last request: 0.000218 seconds.
  path: Assets/Staff.png
  artifactKey: Guid(83e5a5f31ff558b49989d43fb0ba1109) Importer(815301076,1909f56bfc062723c751e8b465ee728b)
Start importing Assets/Staff.png using Guid(83e5a5f31ff558b49989d43fb0ba1109) Importer(815301076,1909f56bfc062723c751e8b465ee728b)  -> (artifact id: 'b0467dc6d189561ccfe4a276faad7442') in 0.008026 seconds
  Import took 0.010520 seconds .

========================================================================
Received Import Request.
  Time since last request: 0.000218 seconds.
  path: Assets/Sprite/SHadow.png
  artifactKey: Guid(68b124a42e8cb364fad16efa5239f59c) Importer(815301076,1909f56bfc062723c751e8b465ee728b)
Start importing Assets/Sprite/SHadow.png using Guid(68b124a42e8cb364fad16efa5239f59c) Importer(815301076,1909f56bfc062723c751e8b465ee728b)  -> (artifact id: 'a02daa6d9a0605affe16733564166ff7') in 0.012845 seconds
  Import took 0.015343 seconds .

========================================================================
Received Prepare
Registering precompiled user dll's ...
Registered in 0.000759 seconds.
Begin MonoManager ReloadAssembly
Native extension for WindowsStandalone target not found
Refreshing native plugins compatible for Editor in 0.35 ms, found 1 plugins.
Preloading 0 native plugins for Editor in 0.00 ms.
Invoked RoslynAnalysisRunner static constructor.
RoslynAnalysisRunner will not be running.
RoslynAnalysisRunner has terminated.
Mono: successfully reloaded assembly
- Completed reload, in  0.728 seconds
Platform modules already initialized, skipping
Refreshing native plugins compatible for Editor in 0.33 ms, found 1 plugins.
Preloading 0 native plugins for Editor in 0.00 ms.
Unloading 1969 Unused Serialized files (Serialized files now loaded: 0)
System memory in use before: 113.3 MB.
System memory in use after: 113.2 MB.

Unloading 13 unused Assets to reduce memory usage. Loaded Objects now: 2656.
Total: 1.676300 ms (FindLiveObjects: 0.188200 ms CreateObjectMapping: 0.068100 ms MarkObjects: 1.321800 ms  DeleteObjects: 0.097300 ms)

========================================================================
Received Prepare
Registering precompiled user dll's ...
Registered in 0.000822 seconds.
Begin MonoManager ReloadAssembly
Native extension for WindowsStandalone target not found
Refreshing native plugins compatible for Editor in 0.34 ms, found 1 plugins.
Preloading 0 native plugins for Editor in 0.00 ms.
Invoked RoslynAnalysisRunner static constructor.
RoslynAnalysisRunner will not be running.
RoslynAnalysisRunner has terminated.
Mono: successfully reloaded assembly
- Completed reload, in  0.689 seconds
Platform modules already initialized, skipping
Refreshing native plugins compatible for Editor in 0.33 ms, found 1 plugins.
Preloading 0 native plugins for Editor in 0.00 ms.
Unloading 1969 Unused Serialized files (Serialized files now loaded: 0)
System memory in use before: 113.3 MB.
System memory in use after: 113.2 MB.

Unloading 13 unused Assets to reduce memory usage. Loaded Objects now: 2660.
Total: 1.844500 ms (FindLiveObjects: 0.192900 ms CreateObjectMapping: 0.075600 ms MarkObjects: 1.477300 ms  DeleteObjects: 0.098100 ms)

========================================================================
Received Import Request.
  Time since last request: 313.881936 seconds.
  path: Assets/Game/Combat/PreFab/Projectile/Projectile.prefab
  artifactKey: Guid(2140ec01b10be264f9b97bdd7b0b8dda) Importer(815301076,1909f56bfc062723c751e8b465ee728b)
Start importing Assets/Game/Combat/PreFab/Projectile/Projectile.prefab using Guid(2140ec01b10be264f9b97bdd7b0b8dda) Importer(815301076,1909f56bfc062723c751e8b465ee728b)  -> (artifact id: 'ccf5498ee2434a77a622835e71ef5d2b') in 0.046630 seconds
  Import took 0.050525 seconds .

========================================================================
Received Import Request.
  Time since last request: 7.129048 seconds.
  path: ProjectSettings/TagManager.asset
  artifactKey: Guid(00000000000000003000000000000000) Importer(815301076,1909f56bfc062723c751e8b465ee728b)
Start importing ProjectSettings/TagManager.asset using Guid(00000000000000003000000000000000) Importer(815301076,1909f56bfc062723c751e8b465ee728b)  -> (artifact id: '1ebf8046f343afa1f3120bb274d322c6') in 0.002243 seconds
  Import took 0.005807 seconds .

========================================================================
Received Import Request.
  Time since last request: 18.319642 seconds.
  path: Assets/Game/Combat/PreFab/Projectile/SummonersProjectile.prefab
  artifactKey: Guid(49ab1cd068b782a4288c88bb8c16e36e) Importer(815301076,1909f56bfc062723c751e8b465ee728b)
Start importing Assets/Game/Combat/PreFab/Projectile/SummonersProjectile.prefab using Guid(49ab1cd068b782a4288c88bb8c16e36e) Importer(815301076,1909f56bfc062723c751e8b465ee728b)  -> (artifact id: 'e8336addbe845c8b4a491a815be5a341') in 0.011505 seconds
  Import took 0.015682 seconds .

========================================================================
Received Import Request.
  Time since last request: 2.630355 seconds.
  path: Assets/Game/Combat/PreFab/Projectile
  artifactKey: Guid(b9034367adc9e3b47a0e59bb4f92ccf4) Importer(815301076,1909f56bfc062723c751e8b465ee728b)
Start importing Assets/Game/Combat/PreFab/Projectile using Guid(b9034367adc9e3b47a0e59bb4f92ccf4) Importer(815301076,1909f56bfc062723c751e8b465ee728b)  -> (artifact id: '1cff0a80f63d097511cf35ffe22c3128') in 0.001765 seconds
  Import took 0.005232 seconds .

========================================================================
Received Prepare
Registering precompiled user dll's ...
Registered in 0.000742 seconds.
Begin MonoManager ReloadAssembly
Native extension for WindowsStandalone target not found
Refreshing native plugins compatible for Editor in 0.34 ms, found 1 plugins.
Preloading 0 native plugins for Editor in 0.00 ms.
Invoked RoslynAnalysisRunner static constructor.
RoslynAnalysisRunner will not be running.
RoslynAnalysisRunner has terminated.
Mono: successfully reloaded assembly
- Completed reload, in  0.681 seconds
Platform modules already initialized, skipping
Refreshing native plugins compatible for Editor in 0.33 ms, found 1 plugins.
Preloading 0 native plugins for Editor in 0.00 ms.
Unloading 1969 Unused Serialized files (Serialized files now loaded: 0)
System memory in use before: 113.3 MB.
System memory in use after: 113.3 MB.

Unloading 14 unused Assets to reduce memory usage. Loaded Objects now: 2665.
Total: 1.900000 ms (FindLiveObjects: 0.180000 ms CreateObjectMapping: 0.060900 ms MarkObjects: 1.559700 ms  DeleteObjects: 0.098100 ms)

========================================================================
Received Import Request.
  Time since last request: 6.195713 seconds.
  path: Assets/Game/Combat/PreFab/Projectile/SummonersProjectile.prefab
  artifactKey: Guid(49ab1cd068b782a4288c88bb8c16e36e) Importer(815301076,1909f56bfc062723c751e8b465ee728b)
Start importing Assets/Game/Combat/PreFab/Projectile/SummonersProjectile.prefab using Guid(49ab1cd068b782a4288c88bb8c16e36e) Importer(815301076,1909f56bfc062723c751e8b465ee728b)  -> (artifact id: 'f41bb505a460d0e32d0efe42a63f1a28') in 0.047007 seconds
  Import took 0.051076 seconds .

========================================================================
Received Import Request.
  Time since last request: 7.297242 seconds.
  path: Assets/Game/Combat/PreFab/Projectile/Projectile.prefab
  artifactKey: Guid(2140ec01b10be264f9b97bdd7b0b8dda) Importer(815301076,1909f56bfc062723c751e8b465ee728b)
Start importing Assets/Game/Combat/PreFab/Projectile/Projectile.prefab using Guid(2140ec01b10be264f9b97bdd7b0b8dda) Importer(815301076,1909f56bfc062723c751e8b465ee728b)  -> (artifact id: '01bf7e483b51de619043c5791a372534') in 0.015112 seconds
  Import took 0.019845 seconds .

========================================================================
Received Prepare
Registering precompiled user dll's ...
Registered in 0.000722 seconds.
Begin MonoManager ReloadAssembly
Native extension for WindowsStandalone target not found
Refreshing native plugins compatible for Editor in 0.35 ms, found 1 plugins.
Preloading 0 native plugins for Editor in 0.00 ms.
Invoked RoslynAnalysisRunner static constructor.
RoslynAnalysisRunner will not be running.
RoslynAnalysisRunner has terminated.
Mono: successfully reloaded assembly
- Completed reload, in  0.721 seconds
Platform modules already initialized, skipping
Refreshing native plugins compatible for Editor in 0.33 ms, found 1 plugins.
Preloading 0 native plugins for Editor in 0.00 ms.
Unloading 1969 Unused Serialized files (Serialized files now loaded: 0)
System memory in use before: 113.3 MB.
System memory in use after: 113.3 MB.

Unloading 13 unused Assets to reduce memory usage. Loaded Objects now: 2670.
Total: 1.937400 ms (FindLiveObjects: 0.198300 ms CreateObjectMapping: 0.057500 ms MarkObjects: 1.583600 ms  DeleteObjects: 0.097300 ms)

========================================================================
Received Prepare
Registering precompiled user dll's ...
Registered in 0.000825 seconds.
Begin MonoManager ReloadAssembly
Native extension for WindowsStandalone target not found
Refreshing native plugins compatible for Editor in 0.34 ms, found 1 plugins.
Preloading 0 native plugins for Editor in 0.00 ms.
Invoked RoslynAnalysisRunner static constructor.
RoslynAnalysisRunner will not be running.
RoslynAnalysisRunner has terminated.
Mono: successfully reloaded assembly
- Completed reload, in  0.730 seconds
Platform modules already initialized, skipping
Refreshing native plugins compatible for Editor in 0.33 ms, found 1 plugins.
Preloading 0 native plugins for Editor in 0.00 ms.
Unloading 1969 Unused Serialized files (Serialized files now loaded: 0)
System memory in use before: 113.3 MB.
System memory in use after: 113.3 MB.

Unloading 13 unused Assets to reduce memory usage. Loaded Objects now: 2674.
Total: 1.670400 ms (FindLiveObjects: 0.187000 ms CreateObjectMapping: 0.061300 ms MarkObjects: 1.320100 ms  DeleteObjects: 0.100900 ms)

========================================================================
Received Prepare
Registering precompiled user dll's ...
Registered in 0.000848 seconds.
Begin MonoManager ReloadAssembly
Native extension for WindowsStandalone target not found
Refreshing native plugins compatible for Editor in 0.34 ms, found 1 plugins.
Preloading 0 native plugins for Editor in 0.00 ms.
Invoked RoslynAnalysisRunner static constructor.
RoslynAnalysisRunner will not be running.
RoslynAnalysisRunner has terminated.
Mono: successfully reloaded assembly
- Completed reload, in  0.732 seconds
Platform modules already initialized, skipping
Refreshing native plugins compatible for Editor in 0.33 ms, found 1 plugins.
Preloading 0 native plugins for Editor in 0.00 ms.
Unloading 1969 Unused Serialized files (Serialized files now loaded: 0)
System memory in use before: 113.3 MB.
System memory in use after: 113.3 MB.

Unloading 13 unused Assets to reduce memory usage. Loaded Objects now: 2678.
Total: 1.841800 ms (FindLiveObjects: 0.262400 ms CreateObjectMapping: 0.089300 ms MarkObjects: 1.378100 ms  DeleteObjects: 0.111000 ms)

========================================================================
Received Prepare
Registering precompiled user dll's ...
Registered in 0.000837 seconds.
Begin MonoManager ReloadAssembly
Native extension for WindowsStandalone target not found
Refreshing native plugins compatible for Editor in 0.34 ms, found 1 plugins.
Preloading 0 native plugins for Editor in 0.00 ms.
Invoked RoslynAnalysisRunner static constructor.
RoslynAnalysisRunner will not be running.
RoslynAnalysisRunner has terminated.
Mono: successfully reloaded assembly
- Completed reload, in  0.734 seconds
Platform modules already initialized, skipping
Refreshing native plugins compatible for Editor in 0.33 ms, found 1 plugins.
Preloading 0 native plugins for Editor in 0.00 ms.
Unloading 1969 Unused Serialized files (Serialized files now loaded: 0)
System memory in use before: 113.3 MB.
System memory in use after: 113.3 MB.

Unloading 13 unused Assets to reduce memory usage. Loaded Objects now: 2682.
Total: 1.877300 ms (FindLiveObjects: 0.180500 ms CreateObjectMapping: 0.062900 ms MarkObjects: 1.536300 ms  DeleteObjects: 0.096800 ms)

========================================================================
Received Prepare
Registering precompiled user dll's ...
Registered in 0.000798 seconds.
Begin MonoManager ReloadAssembly
Native extension for WindowsStandalone target not found
Refreshing native plugins compatible for Editor in 0.34 ms, found 1 plugins.
Preloading 0 native plugins for Editor in 0.00 ms.
Invoked RoslynAnalysisRunner static constructor.
RoslynAnalysisRunner will not be running.
RoslynAnalysisRunner has terminated.
Mono: successfully reloaded assembly
- Completed reload, in  0.724 seconds
Platform modules already initialized, skipping
Refreshing native plugins compatible for Editor in 0.34 ms, found 1 plugins.
Preloading 0 native plugins for Editor in 0.00 ms.
Unloading 1969 Unused Serialized files (Serialized files now loaded: 0)
System memory in use before: 113.3 MB.
System memory in use after: 113.3 MB.

Unloading 13 unused Assets to reduce memory usage. Loaded Objects now: 2686.
Total: 1.882900 ms (FindLiveObjects: 0.242600 ms CreateObjectMapping: 0.085300 ms MarkObjects: 1.436700 ms  DeleteObjects: 0.116800 ms)

========================================================================
Received Prepare
Registering precompiled user dll's ...
Registered in 0.000739 seconds.
Begin MonoManager ReloadAssembly
Native extension for WindowsStandalone target not found
Refreshing native plugins compatible for Editor in 0.35 ms, found 1 plugins.
Preloading 0 native plugins for Editor in 0.00 ms.
Invoked RoslynAnalysisRunner static constructor.
RoslynAnalysisRunner will not be running.
RoslynAnalysisRunner has terminated.
Mono: successfully reloaded assembly
- Completed reload, in  0.734 seconds
Platform modules already initialized, skipping
Refreshing native plugins compatible for Editor in 0.34 ms, found 1 plugins.
Preloading 0 native plugins for Editor in 0.00 ms.
Unloading 1969 Unused Serialized files (Serialized files now loaded: 0)
System memory in use before: 113.3 MB.
System memory in use after: 113.3 MB.

Unloading 13 unused Assets to reduce memory usage. Loaded Objects now: 2690.
Total: 1.940500 ms (FindLiveObjects: 0.323600 ms CreateObjectMapping: 0.079600 ms MarkObjects: 1.436000 ms  DeleteObjects: 0.100100 ms)

========================================================================
Received Prepare
Registering precompiled user dll's ...
Registered in 0.000815 seconds.
Begin MonoManager ReloadAssembly
Native extension for WindowsStandalone target not found
Refreshing native plugins compatible for Editor in 0.34 ms, found 1 plugins.
Preloading 0 native plugins for Editor in 0.00 ms.
Invoked RoslynAnalysisRunner static constructor.
RoslynAnalysisRunner will not be running.
RoslynAnalysisRunner has terminated.
Mono: successfully reloaded assembly
- Completed reload, in  0.720 seconds
Platform modules already initialized, skipping
Refreshing native plugins compatible for Editor in 0.34 ms, found 1 plugins.
Preloading 0 native plugins for Editor in 0.00 ms.
Unloading 1969 Unused Serialized files (Serialized files now loaded: 0)
System memory in use before: 113.4 MB.
System memory in use after: 113.4 MB.

Unloading 13 unused Assets to reduce memory usage. Loaded Objects now: 2694.
Total: 1.914900 ms (FindLiveObjects: 0.227300 ms CreateObjectMapping: 0.069500 ms MarkObjects: 1.519600 ms  DeleteObjects: 0.097800 ms)

========================================================================
Received Prepare
Registering precompiled user dll's ...
Registered in 0.000828 seconds.
Begin MonoManager ReloadAssembly
Native extension for WindowsStandalone target not found
Refreshing native plugins compatible for Editor in 0.35 ms, found 1 plugins.
Preloading 0 native plugins for Editor in 0.00 ms.
Invoked RoslynAnalysisRunner static constructor.
RoslynAnalysisRunner will not be running.
RoslynAnalysisRunner has terminated.
Mono: successfully reloaded assembly
- Completed reload, in  0.720 seconds
Platform modules already initialized, skipping
Refreshing native plugins compatible for Editor in 0.35 ms, found 1 plugins.
Preloading 0 native plugins for Editor in 0.00 ms.
Unloading 1969 Unused Serialized files (Serialized files now loaded: 0)
System memory in use before: 113.3 MB.
System memory in use after: 113.3 MB.

Unloading 13 unused Assets to reduce memory usage. Loaded Objects now: 2698.
Total: 1.947600 ms (FindLiveObjects: 0.251000 ms CreateObjectMapping: 0.081500 ms MarkObjects: 1.498500 ms  DeleteObjects: 0.115600 ms)

========================================================================
Received Prepare
Registering precompiled user dll's ...
Registered in 0.000717 seconds.
Begin MonoManager ReloadAssembly
Native extension for WindowsStandalone target not found
Refreshing native plugins compatible for Editor in 0.34 ms, found 1 plugins.
Preloading 0 native plugins for Editor in 0.00 ms.
Invoked RoslynAnalysisRunner static constructor.
RoslynAnalysisRunner will not be running.
RoslynAnalysisRunner has terminated.
Mono: successfully reloaded assembly
- Completed reload, in  0.721 seconds
Platform modules already initialized, skipping
Refreshing native plugins compatible for Editor in 0.34 ms, found 1 plugins.
Preloading 0 native plugins for Editor in 0.00 ms.
Unloading 1969 Unused Serialized files (Serialized files now loaded: 0)
System memory in use before: 113.4 MB.
System memory in use after: 113.3 MB.

Unloading 13 unused Assets to reduce memory usage. Loaded Objects now: 2702.
Total: 1.911700 ms (FindLiveObjects: 0.222600 ms CreateObjectMapping: 0.074900 ms MarkObjects: 1.514400 ms  DeleteObjects: 0.099000 ms)

========================================================================
Received Prepare
Registering precompiled user dll's ...
Registered in 0.000747 seconds.
Begin MonoManager ReloadAssembly
Native extension for WindowsStandalone target not found
Refreshing native plugins compatible for Editor in 0.35 ms, found 1 plugins.
Preloading 0 native plugins for Editor in 0.00 ms.
Invoked RoslynAnalysisRunner static constructor.
RoslynAnalysisRunner will not be running.
RoslynAnalysisRunner has terminated.
Mono: successfully reloaded assembly
- Completed reload, in  0.700 seconds
Platform modules already initialized, skipping
Refreshing native plugins compatible for Editor in 0.33 ms, found 1 plugins.
Preloading 0 native plugins for Editor in 0.00 ms.
Unloading 1969 Unused Serialized files (Serialized files now loaded: 0)
System memory in use before: 113.5 MB.
System memory in use after: 113.4 MB.

Unloading 13 unused Assets to reduce memory usage. Loaded Objects now: 2706.
Total: 1.958700 ms (FindLiveObjects: 0.231500 ms CreateObjectMapping: 0.073400 ms MarkObjects: 1.547800 ms  DeleteObjects: 0.105200 ms)

========================================================================
Received Prepare
Registering precompiled user dll's ...
Registered in 0.000832 seconds.
Begin MonoManager ReloadAssembly
Native extension for WindowsStandalone target not found
Refreshing native plugins compatible for Editor in 0.38 ms, found 1 plugins.
Preloading 0 native plugins for Editor in 0.00 ms.
Invoked RoslynAnalysisRunner static constructor.
RoslynAnalysisRunner will not be running.
RoslynAnalysisRunner has terminated.
Mono: successfully reloaded assembly
- Completed reload, in  0.714 seconds
Platform modules already initialized, skipping
Refreshing native plugins compatible for Editor in 0.35 ms, found 1 plugins.
Preloading 0 native plugins for Editor in 0.00 ms.
Unloading 1969 Unused Serialized files (Serialized files now loaded: 0)
System memory in use before: 113.4 MB.
System memory in use after: 113.4 MB.

Unloading 13 unused Assets to reduce memory usage. Loaded Objects now: 2710.
Total: 2.118500 ms (FindLiveObjects: 0.246100 ms CreateObjectMapping: 0.100500 ms MarkObjects: 1.652100 ms  DeleteObjects: 0.118800 ms)

========================================================================
Received Prepare
Registering precompiled user dll's ...
Registered in 0.000923 seconds.
Begin MonoManager ReloadAssembly
Native extension for WindowsStandalone target not found
Refreshing native plugins compatible for Editor in 0.34 ms, found 1 plugins.
Preloading 0 native plugins for Editor in 0.00 ms.
Invoked RoslynAnalysisRunner static constructor.
RoslynAnalysisRunner will not be running.
RoslynAnalysisRunner has terminated.
Mono: successfully reloaded assembly
- Completed reload, in  0.721 seconds
Platform modules already initialized, skipping
Refreshing native plugins compatible for Editor in 0.33 ms, found 1 plugins.
Preloading 0 native plugins for Editor in 0.00 ms.
Unloading 1969 Unused Serialized files (Serialized files now loaded: 0)
System memory in use before: 113.5 MB.
System memory in use after: 113.5 MB.

Unloading 13 unused Assets to reduce memory usage. Loaded Objects now: 2714.
Total: 1.770600 ms (FindLiveObjects: 0.226700 ms CreateObjectMapping: 0.083100 ms MarkObjects: 1.360400 ms  DeleteObjects: 0.099500 ms)

========================================================================
Received Prepare
Registering precompiled user dll's ...
Registered in 0.000887 seconds.
Begin MonoManager ReloadAssembly
Native extension for WindowsStandalone target not found
Refreshing native plugins compatible for Editor in 0.35 ms, found 1 plugins.
Preloading 0 native plugins for Editor in 0.00 ms.
Invoked RoslynAnalysisRunner static constructor.
RoslynAnalysisRunner will not be running.
RoslynAnalysisRunner has terminated.
Mono: successfully reloaded assembly
- Completed reload, in  0.709 seconds
Platform modules already initialized, skipping
Refreshing native plugins compatible for Editor in 0.33 ms, found 1 plugins.
Preloading 0 native plugins for Editor in 0.00 ms.
Unloading 1969 Unused Serialized files (Serialized files now loaded: 0)
System memory in use before: 113.5 MB.
System memory in use after: 113.5 MB.

Unloading 13 unused Assets to reduce memory usage. Loaded Objects now: 2718.
Total: 1.790600 ms (FindLiveObjects: 0.203300 ms CreateObjectMapping: 0.068700 ms MarkObjects: 1.420700 ms  DeleteObjects: 0.097100 ms)

========================================================================
Received Prepare
Registering precompiled user dll's ...
Registered in 0.000878 seconds.
Begin MonoManager ReloadAssembly
Native extension for WindowsStandalone target not found
Refreshing native plugins compatible for Editor in 0.38 ms, found 1 plugins.
Preloading 0 native plugins for Editor in 0.00 ms.
Invoked RoslynAnalysisRunner static constructor.
RoslynAnalysisRunner will not be running.
RoslynAnalysisRunner has terminated.
Mono: successfully reloaded assembly
- Completed reload, in  0.710 seconds
Platform modules already initialized, skipping
Refreshing native plugins compatible for Editor in 0.33 ms, found 1 plugins.
Preloading 0 native plugins for Editor in 0.00 ms.
Unloading 1969 Unused Serialized files (Serialized files now loaded: 0)
System memory in use before: 113.5 MB.
System memory in use after: 113.5 MB.

Unloading 13 unused Assets to reduce memory usage. Loaded Objects now: 2722.
Total: 1.692200 ms (FindLiveObjects: 0.213200 ms CreateObjectMapping: 0.063500 ms MarkObjects: 1.309100 ms  DeleteObjects: 0.105700 ms)

========================================================================
Received Import Request.
  Time since last request: 5022.450152 seconds.
  path: Assets/Game/Combat/Config/Weapons/Resources
  artifactKey: Guid(0adcae85bfca44a4c8d1d89ba03ff386) Importer(815301076,1909f56bfc062723c751e8b465ee728b)
Start importing Assets/Game/Combat/Config/Weapons/Resources using Guid(0adcae85bfca44a4c8d1d89ba03ff386) Importer(815301076,1909f56bfc062723c751e8b465ee728b)  -> (artifact id: 'f3153c1b20f5ca23b2dde4b5ade6eb00') in 0.005049 seconds
  Import took 0.008955 seconds .

========================================================================
Received Prepare
Registering precompiled user dll's ...
Registered in 0.000903 seconds.
Begin MonoManager ReloadAssembly
Native extension for WindowsStandalone target not found
Refreshing native plugins compatible for Editor in 0.35 ms, found 1 plugins.
Preloading 0 native plugins for Editor in 0.00 ms.
Invoked RoslynAnalysisRunner static constructor.
RoslynAnalysisRunner will not be running.
RoslynAnalysisRunner has terminated.
Mono: successfully reloaded assembly
- Completed reload, in  0.736 seconds
Platform modules already initialized, skipping
Refreshing native plugins compatible for Editor in 0.33 ms, found 1 plugins.
Preloading 0 native plugins for Editor in 0.00 ms.
Unloading 1969 Unused Serialized files (Serialized files now loaded: 0)
System memory in use before: 113.5 MB.
System memory in use after: 113.6 MB.

Unloading 13 unused Assets to reduce memory usage. Loaded Objects now: 2726.
Total: 1.874300 ms (FindLiveObjects: 0.232600 ms CreateObjectMapping: 0.081100 ms MarkObjects: 1.446100 ms  DeleteObjects: 0.113200 ms)

========================================================================
Received Prepare
Registering precompiled user dll's ...
Registered in 0.000747 seconds.
Begin MonoManager ReloadAssembly
Native extension for WindowsStandalone target not found
Refreshing native plugins compatible for Editor in 0.34 ms, found 1 plugins.
Preloading 0 native plugins for Editor in 0.00 ms.
Invoked RoslynAnalysisRunner static constructor.
RoslynAnalysisRunner will not be running.
RoslynAnalysisRunner has terminated.
Mono: successfully reloaded assembly
- Completed reload, in  0.726 seconds
Platform modules already initialized, skipping
Refreshing native plugins compatible for Editor in 0.33 ms, found 1 plugins.
Preloading 0 native plugins for Editor in 0.00 ms.
Unloading 1969 Unused Serialized files (Serialized files now loaded: 0)
System memory in use before: 113.5 MB.
System memory in use after: 113.6 MB.

Unloading 13 unused Assets to reduce memory usage. Loaded Objects now: 2730.
Total: 1.992300 ms (FindLiveObjects: 0.221900 ms CreateObjectMapping: 0.072900 ms MarkObjects: 1.596300 ms  DeleteObjects: 0.100300 ms)

